2025-07-01 11:57:37 - NovelTranslator - INFO     - [MainThread] - Система логирования успешно настроена.
2025-07-01 11:57:39 - NovelTranslator.Projects - DEBUG    - [MainThread] - Менеджер проектов инициализирован. Файл БД: C:\Users\User\Desktop\kod\Perevod\_project_files\projects_main.db
2025-07-01 11:57:40 - NovelTranslator.GUI - INFO     - [MainThread] - Загрузка проекта: Dao
2025-07-01 11:57:40 - NovelTranslator.GUI - DEBUG    - [MainThread] - Применение настроек для проекта 'Dao'
2025-07-01 11:57:40 - NovelTranslator.DBManager - INFO     - [Thread-1 (_initialize_thread)] - DatabaseManager инициализирован для проекта 'Dao' (ID: 1)
2025-07-01 11:57:40 - NovelTranslator.KBManager - INFO     - [Thread-1 (_initialize_thread)] - KnowledgeBaseManager инициализирован. Коллекция: 'Dao_kb'. Записей: 0
2025-07-01 11:58:06 - NovelTranslator.KBManager - INFO     - [Thread-2 (_build_index_thread)] - Начало полной перестройки семантического индекса из SQLite...
2025-07-01 11:58:33 - NovelTranslator.KBManager - INFO     - [Thread-2 (_build_index_thread)] - Добавлено/обновлено 50 записей в ChromaDB.
2025-07-01 11:59:01 - NovelTranslator.KBManager - INFO     - [Thread-2 (_build_index_thread)] - Добавлено/обновлено 50 записей в ChromaDB.
2025-07-01 11:59:23 - NovelTranslator.KBManager - INFO     - [Thread-2 (_build_index_thread)] - Добавлено/обновлено 50 записей в ChromaDB.
2025-07-01 11:59:44 - NovelTranslator.KBManager - INFO     - [Thread-2 (_build_index_thread)] - Добавлено/обновлено 50 записей в ChromaDB.
2025-07-01 12:00:06 - NovelTranslator.KBManager - INFO     - [Thread-2 (_build_index_thread)] - Добавлено/обновлено 50 записей в ChromaDB.
2025-07-01 12:00:28 - NovelTranslator.KBManager - INFO     - [Thread-2 (_build_index_thread)] - Добавлено/обновлено 50 записей в ChromaDB.
2025-07-01 12:00:50 - NovelTranslator.KBManager - INFO     - [Thread-2 (_build_index_thread)] - Добавлено/обновлено 50 записей в ChromaDB.
2025-07-01 12:01:12 - NovelTranslator.KBManager - INFO     - [Thread-2 (_build_index_thread)] - Добавлено/обновлено 50 записей в ChromaDB.
2025-07-01 12:01:34 - NovelTranslator.KBManager - INFO     - [Thread-2 (_build_index_thread)] - Добавлено/обновлено 50 записей в ChromaDB.
2025-07-01 12:01:56 - NovelTranslator.KBManager - INFO     - [Thread-2 (_build_index_thread)] - Добавлено/обновлено 50 записей в ChromaDB.
2025-07-01 12:02:18 - NovelTranslator.KBManager - INFO     - [Thread-2 (_build_index_thread)] - Добавлено/обновлено 50 записей в ChromaDB.
2025-07-01 12:02:40 - NovelTranslator.KBManager - INFO     - [Thread-2 (_build_index_thread)] - Добавлено/обновлено 50 записей в ChromaDB.
2025-07-01 12:03:02 - NovelTranslator.KBManager - INFO     - [Thread-2 (_build_index_thread)] - Добавлено/обновлено 50 записей в ChromaDB.
2025-07-01 12:03:24 - NovelTranslator.KBManager - INFO     - [Thread-2 (_build_index_thread)] - Добавлено/обновлено 50 записей в ChromaDB.
2025-07-01 12:03:54 - NovelTranslator.KBManager - INFO     - [Thread-2 (_build_index_thread)] - Добавлено/обновлено 50 записей в ChromaDB.
2025-07-01 12:04:15 - NovelTranslator.KBManager - INFO     - [Thread-2 (_build_index_thread)] - Добавлено/обновлено 50 записей в ChromaDB.
2025-07-01 12:04:37 - NovelTranslator.KBManager - INFO     - [Thread-2 (_build_index_thread)] - Добавлено/обновлено 50 записей в ChromaDB.
2025-07-01 12:04:59 - NovelTranslator.KBManager - INFO     - [Thread-2 (_build_index_thread)] - Добавлено/обновлено 50 записей в ChromaDB.
2025-07-01 12:05:21 - NovelTranslator.KBManager - INFO     - [Thread-2 (_build_index_thread)] - Добавлено/обновлено 50 записей в ChromaDB.
2025-07-01 12:05:43 - NovelTranslator.KBManager - INFO     - [Thread-2 (_build_index_thread)] - Добавлено/обновлено 50 записей в ChromaDB.
2025-07-01 12:06:05 - NovelTranslator.KBManager - INFO     - [Thread-2 (_build_index_thread)] - Добавлено/обновлено 50 записей в ChromaDB.
2025-07-01 12:06:26 - NovelTranslator.KBManager - INFO     - [Thread-2 (_build_index_thread)] - Добавлено/обновлено 50 записей в ChromaDB.
2025-07-01 12:06:48 - NovelTranslator.KBManager - INFO     - [Thread-2 (_build_index_thread)] - Добавлено/обновлено 50 записей в ChromaDB.
2025-07-01 12:07:10 - NovelTranslator.KBManager - INFO     - [Thread-2 (_build_index_thread)] - Добавлено/обновлено 50 записей в ChromaDB.
2025-07-01 12:07:31 - NovelTranslator.KBManager - INFO     - [Thread-2 (_build_index_thread)] - Добавлено/обновлено 50 записей в ChromaDB.
2025-07-01 12:07:53 - NovelTranslator.KBManager - INFO     - [Thread-2 (_build_index_thread)] - Добавлено/обновлено 50 записей в ChromaDB.
2025-07-01 12:08:15 - NovelTranslator.KBManager - INFO     - [Thread-2 (_build_index_thread)] - Добавлено/обновлено 50 записей в ChromaDB.
2025-07-01 12:08:28 - NovelTranslator.KBManager - INFO     - [Thread-2 (_build_index_thread)] - Добавлено/обновлено 29 записей в ChromaDB.
2025-07-01 12:08:28 - NovelTranslator.KBManager - INFO     - [Thread-2 (_build_index_thread)] - Перестройка индекса завершена. Всего в коллекции: 1379 записей.
2025-07-01 12:08:57 - NovelTranslator.GUI - INFO     - [MainThread] - Загрузка проекта: Fermer
2025-07-01 12:08:57 - NovelTranslator.GUI - DEBUG    - [MainThread] - Применение настроек для проекта 'Fermer'
2025-07-01 12:08:57 - NovelTranslator.DBManager - INFO     - [Thread-1383 (_initialize_thread)] - DatabaseManager инициализирован для проекта 'Fermer' (ID: 2)
2025-07-01 12:08:58 - NovelTranslator.KBManager - INFO     - [Thread-1383 (_initialize_thread)] - KnowledgeBaseManager инициализирован. Коллекция: 'Fermer_kb'. Записей: 0
2025-07-01 12:09:15 - NovelTranslator.KBManager - INFO     - [Thread-1384 (_build_index_thread)] - Начало полной перестройки семантического индекса из SQLite...
2025-07-01 12:09:38 - NovelTranslator.KBManager - INFO     - [Thread-1384 (_build_index_thread)] - Добавлено/обновлено 50 записей в ChromaDB.
2025-07-01 12:10:00 - NovelTranslator.KBManager - INFO     - [Thread-1384 (_build_index_thread)] - Добавлено/обновлено 50 записей в ChromaDB.
2025-07-01 12:10:22 - NovelTranslator.KBManager - INFO     - [Thread-1384 (_build_index_thread)] - Добавлено/обновлено 50 записей в ChromaDB.
2025-07-01 12:10:43 - NovelTranslator.KBManager - INFO     - [Thread-1384 (_build_index_thread)] - Добавлено/обновлено 50 записей в ChromaDB.
2025-07-01 12:11:05 - NovelTranslator.KBManager - INFO     - [Thread-1384 (_build_index_thread)] - Добавлено/обновлено 50 записей в ChromaDB.
2025-07-01 12:11:27 - NovelTranslator.KBManager - INFO     - [Thread-1384 (_build_index_thread)] - Добавлено/обновлено 50 записей в ChromaDB.
2025-07-01 12:11:48 - NovelTranslator.KBManager - INFO     - [Thread-1384 (_build_index_thread)] - Добавлено/обновлено 50 записей в ChromaDB.
2025-07-01 12:12:10 - NovelTranslator.KBManager - INFO     - [Thread-1384 (_build_index_thread)] - Добавлено/обновлено 50 записей в ChromaDB.
2025-07-01 12:12:32 - NovelTranslator.KBManager - INFO     - [Thread-1384 (_build_index_thread)] - Добавлено/обновлено 50 записей в ChromaDB.
2025-07-01 12:12:54 - NovelTranslator.KBManager - INFO     - [Thread-1384 (_build_index_thread)] - Добавлено/обновлено 50 записей в ChromaDB.
2025-07-01 12:13:26 - NovelTranslator.KBManager - INFO     - [Thread-1384 (_build_index_thread)] - Добавлено/обновлено 50 записей в ChromaDB.
2025-07-01 12:13:48 - NovelTranslator.KBManager - INFO     - [Thread-1384 (_build_index_thread)] - Добавлено/обновлено 50 записей в ChromaDB.
2025-07-01 12:14:11 - NovelTranslator.KBManager - INFO     - [Thread-1384 (_build_index_thread)] - Добавлено/обновлено 50 записей в ChromaDB.
2025-07-01 12:14:32 - NovelTranslator.KBManager - INFO     - [Thread-1384 (_build_index_thread)] - Добавлено/обновлено 50 записей в ChromaDB.
2025-07-01 12:14:54 - NovelTranslator.KBManager - INFO     - [Thread-1384 (_build_index_thread)] - Добавлено/обновлено 50 записей в ChromaDB.
2025-07-01 12:15:16 - NovelTranslator.KBManager - INFO     - [Thread-1384 (_build_index_thread)] - Добавлено/обновлено 50 записей в ChromaDB.
2025-07-01 12:15:38 - NovelTranslator.KBManager - INFO     - [Thread-1384 (_build_index_thread)] - Добавлено/обновлено 50 записей в ChromaDB.
2025-07-01 12:15:59 - NovelTranslator.KBManager - INFO     - [Thread-1384 (_build_index_thread)] - Добавлено/обновлено 50 записей в ChromaDB.
2025-07-01 12:16:21 - NovelTranslator.KBManager - INFO     - [Thread-1384 (_build_index_thread)] - Добавлено/обновлено 50 записей в ChromaDB.
2025-07-01 12:16:43 - NovelTranslator.KBManager - INFO     - [Thread-1384 (_build_index_thread)] - Добавлено/обновлено 50 записей в ChromaDB.
2025-07-01 12:17:05 - NovelTranslator.KBManager - INFO     - [Thread-1384 (_build_index_thread)] - Добавлено/обновлено 50 записей в ChromaDB.
2025-07-01 12:17:26 - NovelTranslator.KBManager - INFO     - [Thread-1384 (_build_index_thread)] - Добавлено/обновлено 50 записей в ChromaDB.
2025-07-01 12:17:48 - NovelTranslator.KBManager - INFO     - [Thread-1384 (_build_index_thread)] - Добавлено/обновлено 50 записей в ChromaDB.
2025-07-01 12:18:10 - NovelTranslator.KBManager - INFO     - [Thread-1384 (_build_index_thread)] - Добавлено/обновлено 50 записей в ChromaDB.
2025-07-01 12:18:33 - NovelTranslator.KBManager - INFO     - [Thread-1384 (_build_index_thread)] - Добавлено/обновлено 50 записей в ChromaDB.
2025-07-01 12:18:55 - NovelTranslator.KBManager - INFO     - [Thread-1384 (_build_index_thread)] - Добавлено/обновлено 50 записей в ChromaDB.
2025-07-01 12:19:16 - NovelTranslator.KBManager - INFO     - [Thread-1384 (_build_index_thread)] - Добавлено/обновлено 50 записей в ChromaDB.
2025-07-01 12:19:42 - NovelTranslator.KBManager - INFO     - [Thread-1384 (_build_index_thread)] - Добавлено/обновлено 50 записей в ChromaDB.
2025-07-01 12:20:04 - NovelTranslator.KBManager - INFO     - [Thread-1384 (_build_index_thread)] - Добавлено/обновлено 50 записей в ChromaDB.
2025-07-01 12:20:26 - NovelTranslator.KBManager - INFO     - [Thread-1384 (_build_index_thread)] - Добавлено/обновлено 50 записей в ChromaDB.
2025-07-01 12:20:47 - NovelTranslator.KBManager - INFO     - [Thread-1384 (_build_index_thread)] - Добавлено/обновлено 50 записей в ChromaDB.
2025-07-01 12:21:09 - NovelTranslator.KBManager - INFO     - [Thread-1384 (_build_index_thread)] - Добавлено/обновлено 50 записей в ChromaDB.
2025-07-01 12:21:31 - NovelTranslator.KBManager - INFO     - [Thread-1384 (_build_index_thread)] - Добавлено/обновлено 50 записей в ChromaDB.
2025-07-01 12:22:02 - NovelTranslator.KBManager - INFO     - [Thread-1384 (_build_index_thread)] - Добавлено/обновлено 50 записей в ChromaDB.
2025-07-01 12:22:12 - NovelTranslator.KBManager - INFO     - [Thread-1384 (_build_index_thread)] - Добавлено/обновлено 24 записей в ChromaDB.
2025-07-01 12:22:12 - NovelTranslator.KBManager - INFO     - [Thread-1384 (_build_index_thread)] - Перестройка индекса завершена. Всего в коллекции: 1724 записей.
2025-07-01 12:22:34 - NovelTranslator.GUI - INFO     - [MainThread] - Загрузка проекта: Nerd
2025-07-01 12:22:34 - NovelTranslator.GUI - DEBUG    - [MainThread] - Применение настроек для проекта 'Nerd'
2025-07-01 12:22:34 - NovelTranslator.DBManager - INFO     - [Thread-3110 (_initialize_thread)] - DatabaseManager инициализирован для проекта 'Nerd' (ID: 3)
2025-07-01 12:22:34 - NovelTranslator.KBManager - INFO     - [Thread-3110 (_initialize_thread)] - KnowledgeBaseManager инициализирован. Коллекция: 'Nerd_kb'. Записей: 0
2025-07-01 12:22:42 - NovelTranslator.KBManager - INFO     - [Thread-3111 (_build_index_thread)] - Начало полной перестройки семантического индекса из SQLite...
2025-07-01 12:23:05 - NovelTranslator.KBManager - INFO     - [Thread-3111 (_build_index_thread)] - Добавлено/обновлено 50 записей в ChromaDB.
2025-07-01 12:23:26 - NovelTranslator.KBManager - INFO     - [Thread-3111 (_build_index_thread)] - Добавлено/обновлено 50 записей в ChromaDB.
2025-07-01 12:23:48 - NovelTranslator.KBManager - INFO     - [Thread-3111 (_build_index_thread)] - Добавлено/обновлено 50 записей в ChromaDB.
2025-07-01 12:24:11 - NovelTranslator.KBManager - INFO     - [Thread-3111 (_build_index_thread)] - Добавлено/обновлено 50 записей в ChromaDB.
2025-07-01 12:24:32 - NovelTranslator.KBManager - INFO     - [Thread-3111 (_build_index_thread)] - Добавлено/обновлено 50 записей в ChromaDB.
2025-07-01 12:24:54 - NovelTranslator.KBManager - INFO     - [Thread-3111 (_build_index_thread)] - Добавлено/обновлено 50 записей в ChromaDB.
2025-07-01 12:25:15 - NovelTranslator.KBManager - INFO     - [Thread-3111 (_build_index_thread)] - Добавлено/обновлено 50 записей в ChromaDB.
2025-07-01 12:25:37 - NovelTranslator.KBManager - INFO     - [Thread-3111 (_build_index_thread)] - Добавлено/обновлено 50 записей в ChromaDB.
2025-07-01 12:25:59 - NovelTranslator.KBManager - INFO     - [Thread-3111 (_build_index_thread)] - Добавлено/обновлено 50 записей в ChromaDB.
2025-07-01 12:26:20 - NovelTranslator.KBManager - INFO     - [Thread-3111 (_build_index_thread)] - Добавлено/обновлено 50 записей в ChromaDB.
2025-07-01 12:26:42 - NovelTranslator.KBManager - INFO     - [Thread-3111 (_build_index_thread)] - Добавлено/обновлено 50 записей в ChromaDB.
2025-07-01 12:26:42 - NovelTranslator.KBManager - INFO     - [Thread-3111 (_build_index_thread)] - Перестройка индекса завершена. Всего в коллекции: 550 записей.
2025-07-01 12:30:35 - NovelTranslator.GUI - INFO     - [MainThread] - Загрузка проекта: Test
2025-07-01 12:30:35 - NovelTranslator.GUI - DEBUG    - [MainThread] - Применение настроек для проекта 'Default'
2025-07-01 12:30:41 - NovelTranslator.GUI - INFO     - [MainThread] - Загрузка проекта: Three_skills
2025-07-01 12:30:41 - NovelTranslator.GUI - DEBUG    - [MainThread] - Применение настроек для проекта 'Three_skills'
2025-07-01 12:30:41 - NovelTranslator.DBManager - INFO     - [Thread-3662 (_initialize_thread)] - DatabaseManager инициализирован для проекта 'Three_skills' (ID: 4)
2025-07-01 12:30:41 - NovelTranslator.KBManager - INFO     - [Thread-3662 (_initialize_thread)] - KnowledgeBaseManager инициализирован. Коллекция: 'Three_skills_kb'. Записей: 0
2025-07-01 12:30:57 - NovelTranslator.KBManager - INFO     - [Thread-3663 (_build_index_thread)] - Начало полной перестройки семантического индекса из SQLite...
2025-07-01 12:31:19 - NovelTranslator.KBManager - INFO     - [Thread-3663 (_build_index_thread)] - Добавлено/обновлено 50 записей в ChromaDB.
2025-07-01 12:31:42 - NovelTranslator.KBManager - INFO     - [Thread-3663 (_build_index_thread)] - Добавлено/обновлено 50 записей в ChromaDB.
2025-07-01 12:32:03 - NovelTranslator.KBManager - INFO     - [Thread-3663 (_build_index_thread)] - Добавлено/обновлено 50 записей в ChromaDB.
2025-07-01 12:32:25 - NovelTranslator.KBManager - INFO     - [Thread-3663 (_build_index_thread)] - Добавлено/обновлено 50 записей в ChromaDB.
2025-07-01 12:32:47 - NovelTranslator.KBManager - INFO     - [Thread-3663 (_build_index_thread)] - Добавлено/обновлено 50 записей в ChromaDB.
2025-07-01 12:33:09 - NovelTranslator.KBManager - INFO     - [Thread-3663 (_build_index_thread)] - Добавлено/обновлено 50 записей в ChromaDB.
2025-07-01 12:33:31 - NovelTranslator.KBManager - INFO     - [Thread-3663 (_build_index_thread)] - Добавлено/обновлено 50 записей в ChromaDB.
2025-07-01 12:33:53 - NovelTranslator.KBManager - INFO     - [Thread-3663 (_build_index_thread)] - Добавлено/обновлено 50 записей в ChromaDB.
2025-07-01 12:34:17 - NovelTranslator.KBManager - INFO     - [Thread-3663 (_build_index_thread)] - Добавлено/обновлено 50 записей в ChromaDB.
2025-07-01 12:34:39 - NovelTranslator.KBManager - INFO     - [Thread-3663 (_build_index_thread)] - Добавлено/обновлено 50 записей в ChromaDB.
2025-07-01 12:35:01 - NovelTranslator.KBManager - INFO     - [Thread-3663 (_build_index_thread)] - Добавлено/обновлено 50 записей в ChromaDB.
2025-07-01 12:35:23 - NovelTranslator.KBManager - INFO     - [Thread-3663 (_build_index_thread)] - Добавлено/обновлено 50 записей в ChromaDB.
2025-07-01 12:35:46 - NovelTranslator.KBManager - INFO     - [Thread-3663 (_build_index_thread)] - Добавлено/обновлено 50 записей в ChromaDB.
2025-07-01 12:36:08 - NovelTranslator.KBManager - INFO     - [Thread-3663 (_build_index_thread)] - Добавлено/обновлено 50 записей в ChromaDB.
2025-07-01 12:36:29 - NovelTranslator.KBManager - INFO     - [Thread-3663 (_build_index_thread)] - Добавлено/обновлено 50 записей в ChromaDB.
2025-07-01 12:36:51 - NovelTranslator.KBManager - INFO     - [Thread-3663 (_build_index_thread)] - Добавлено/обновлено 50 записей в ChromaDB.
2025-07-01 12:37:13 - NovelTranslator.KBManager - INFO     - [Thread-3663 (_build_index_thread)] - Добавлено/обновлено 50 записей в ChromaDB.
2025-07-01 12:37:28 - NovelTranslator.KBManager - INFO     - [Thread-3663 (_build_index_thread)] - Добавлено/обновлено 34 записей в ChromaDB.
2025-07-01 12:37:28 - NovelTranslator.KBManager - INFO     - [Thread-3663 (_build_index_thread)] - Перестройка индекса завершена. Всего в коллекции: 884 записей.
2025-07-01 12:37:54 - NovelTranslator.GUI - INFO     - [MainThread] - Загрузка проекта: Tribe
2025-07-01 12:37:54 - NovelTranslator.GUI - DEBUG    - [MainThread] - Применение настроек для проекта 'Tribe'
2025-07-01 12:37:54 - NovelTranslator.DBManager - INFO     - [Thread-4549 (_initialize_thread)] - DatabaseManager инициализирован для проекта 'Tribe' (ID: 5)
2025-07-01 12:37:54 - NovelTranslator.KBManager - INFO     - [Thread-4549 (_initialize_thread)] - KnowledgeBaseManager инициализирован. Коллекция: 'Tribe_kb'. Записей: 0
2025-07-01 12:38:02 - NovelTranslator.KBManager - INFO     - [Thread-4550 (_build_index_thread)] - Начало полной перестройки семантического индекса из SQLite...
2025-07-01 12:38:25 - NovelTranslator.KBManager - INFO     - [Thread-4550 (_build_index_thread)] - Добавлено/обновлено 50 записей в ChromaDB.
2025-07-01 12:38:47 - NovelTranslator.KBManager - INFO     - [Thread-4550 (_build_index_thread)] - Добавлено/обновлено 50 записей в ChromaDB.
2025-07-01 12:39:09 - NovelTranslator.KBManager - INFO     - [Thread-4550 (_build_index_thread)] - Добавлено/обновлено 50 записей в ChromaDB.
2025-07-01 12:39:31 - NovelTranslator.KBManager - INFO     - [Thread-4550 (_build_index_thread)] - Добавлено/обновлено 50 записей в ChromaDB.
2025-07-01 12:39:52 - NovelTranslator.KBManager - INFO     - [Thread-4550 (_build_index_thread)] - Добавлено/обновлено 50 записей в ChromaDB.
2025-07-01 12:40:14 - NovelTranslator.KBManager - INFO     - [Thread-4550 (_build_index_thread)] - Добавлено/обновлено 50 записей в ChromaDB.
2025-07-01 12:40:37 - NovelTranslator.KBManager - INFO     - [Thread-4550 (_build_index_thread)] - Добавлено/обновлено 50 записей в ChromaDB.
2025-07-01 12:40:59 - NovelTranslator.KBManager - INFO     - [Thread-4550 (_build_index_thread)] - Добавлено/обновлено 50 записей в ChromaDB.
2025-07-01 12:41:21 - NovelTranslator.KBManager - INFO     - [Thread-4550 (_build_index_thread)] - Добавлено/обновлено 50 записей в ChromaDB.
2025-07-01 12:41:43 - NovelTranslator.KBManager - INFO     - [Thread-4550 (_build_index_thread)] - Добавлено/обновлено 50 записей в ChromaDB.
2025-07-01 12:42:06 - NovelTranslator.KBManager - INFO     - [Thread-4550 (_build_index_thread)] - Добавлено/обновлено 50 записей в ChromaDB.
2025-07-01 12:42:09 - NovelTranslator.KBManager - INFO     - [Thread-4550 (_build_index_thread)] - Добавлено/обновлено 7 записей в ChromaDB.
2025-07-01 12:42:09 - NovelTranslator.KBManager - INFO     - [Thread-4550 (_build_index_thread)] - Перестройка индекса завершена. Всего в коллекции: 557 записей.
